<?xml version="1.0" encoding="UTF-8"?>
<!-- Generated by org.testng.reporters.JUnitXMLReporter -->
<testsuite ignored="0" hostname="LAPTOP-J8MDC32D" failures="1" tests="1" name="Test" time="1.273" errors="0" timestamp="2024-10-06T13:26:16 IST">
  <testcase classname="testCases.LoginTestVerify" name="testLogin" time="0.16">
    <failure type="java.lang.AssertionError" message="null">
      <![CDATA[java.lang.AssertionError: null
at testCases.LoginTestVerify.testLogin(LoginTestVerify.java:31)
at java.base/java.util.ArrayList.forEach(ArrayList.java:1511)
... Removed 29 stack frames]]>
    </failure>
  </testcase> <!-- testLogin -->
</testsuite> <!-- Test -->
