<?xml version="1.0" encoding="UTF-8"?>
<testng-results ignored="0" total="2" passed="2" failed="0" skipped="0">
  <reporter-output>
  </reporter-output>
  <suite started-at="2024-10-06T18:18:28 IST" name="Suite" finished-at="2024-10-06T18:19:01 IST" duration-ms="32915">
    <groups>
    </groups>
    <test started-at="2024-10-06T18:18:28 IST" name="fireFoxTest" finished-at="2024-10-06T18:18:50 IST" duration-ms="22574">
      <class name="testCases.LoginTestVerify">
        <test-method is-config="true" signature="setup(java.lang.String,java.lang.String)[pri:0, instance:testCases.LoginTestVerify@2c5d601e]" started-at="2024-10-06T18:18:29 IST" name="setup" finished-at="2024-10-06T18:18:47 IST" duration-ms="17741" status="PASS">
          <params>
            <param index="0">
              <value>
                <![CDATA[Linux]]>
              </value>
            </param>
            <param index="1">
              <value>
                <![CDATA[firefox]]>
              </value>
            </param>
          </params>
          <reporter-output>
          </reporter-output>
        </test-method> <!-- setup -->
        <test-method signature="testLogin()[pri:0, instance:testCases.LoginTestVerify@2c5d601e]" started-at="2024-10-06T18:18:47 IST" name="testLogin" finished-at="2024-10-06T18:18:49 IST" duration-ms="2555" status="PASS">
          <reporter-output>
          </reporter-output>
        </test-method> <!-- testLogin -->
        <test-method is-config="true" signature="testDown()[pri:0, instance:testCases.LoginTestVerify@2c5d601e]" started-at="2024-10-06T18:18:49 IST" name="testDown" finished-at="2024-10-06T18:18:50 IST" duration-ms="1289" status="PASS">
          <reporter-output>
          </reporter-output>
        </test-method> <!-- testDown -->
      </class> <!-- testCases.LoginTestVerify -->
    </test> <!-- fireFoxTest -->
    <test started-at="2024-10-06T18:18:52 IST" name="ChromeTest" finished-at="2024-10-06T18:19:01 IST" duration-ms="8929">
      <class name="testCases.LoginTestVerify">
        <test-method is-config="true" signature="setup(java.lang.String,java.lang.String)[pri:0, instance:testCases.LoginTestVerify@672f11c2]" started-at="2024-10-06T18:18:52 IST" name="setup" finished-at="2024-10-06T18:18:58 IST" duration-ms="5765" status="PASS">
          <params>
            <param index="0">
              <value>
                <![CDATA[Linux]]>
              </value>
            </param>
            <param index="1">
              <value>
                <![CDATA[chrome]]>
              </value>
            </param>
          </params>
          <reporter-output>
          </reporter-output>
        </test-method> <!-- setup -->
        <test-method signature="testLogin()[pri:0, instance:testCases.LoginTestVerify@672f11c2]" started-at="2024-10-06T18:18:58 IST" name="testLogin" finished-at="2024-10-06T18:19:01 IST" duration-ms="2942" status="PASS">
          <reporter-output>
          </reporter-output>
        </test-method> <!-- testLogin -->
        <test-method is-config="true" signature="testDown()[pri:0, instance:testCases.LoginTestVerify@672f11c2]" started-at="2024-10-06T18:19:01 IST" name="testDown" finished-at="2024-10-06T18:19:01 IST" duration-ms="215" status="PASS">
          <reporter-output>
          </reporter-output>
        </test-method> <!-- testDown -->
      </class> <!-- testCases.LoginTestVerify -->
    </test> <!-- ChromeTest -->
  </suite> <!-- Suite -->
</testng-results>
